<?xml version="1.0" encoding="UTF-8"?>
<!-- Generated by org.testng.reporters.JUnitReportReporter -->
<testsuite hostname="vivobook-asuslaptop-x512flc-x512fl" failures="0" tests="5" name="com.test.section_component.public_sectioncomponent" time="33.555" errors="0" timestamp="2024-02-13T14:40:04 IST" skipped="0">
  <testcase classname="com.test.section_component.public_sectioncomponent" name="public_lims" time="1.394"/>
  <system-out/>
  <testcase classname="com.test.section_component.public_sectioncomponent" name="Dataportal" time="0.212"/>
  <system-out/>
  <testcase classname="com.test.section_component.public_sectioncomponent" name="login" time="19.812"/>
  <system-out/>
  <testcase classname="com.test.section_component.public_sectioncomponent" name="Brain" time="5.578"/>
  <system-out/>
  <testcase classname="com.test.section_component.public_sectioncomponent" name="section_component" time="6.559"/>
  <system-out/>
</testsuite> <!-- com.test.section_component.public_sectioncomponent -->
