<?xml version="1.0" encoding="UTF-8"?>
<!-- Generated by org.testng.reporters.JUnitReportReporter -->
<testsuite hostname="vivobook-asuslaptop-x512flc-x512fl" failures="0" tests="2" name="com.test.section_component.CellAnnotation" time="81.194" errors="0" timestamp="2024-01-08T12:11:53 IST" skipped="0">
  <testcase classname="com.test.section_component.CellAnnotation" name="login" time="20.057"/>
  <system-out/>
  <testcase classname="com.test.section_component.CellAnnotation" name="viewerPage" time="61.137"/>
  <system-out/>
</testsuite> <!-- com.test.section_component.CellAnnotation -->
