<?xml version="1.0" encoding="UTF-8"?>
<!-- Generated by org.testng.reporters.JUnitReportReporter -->
<testsuite hostname="vivobook-asuslaptop-x512flc-x512fl" failures="0" tests="2" name="com.test.section_component.HD" time="67.909" errors="0" timestamp="2024-01-08T11:25:45 IST" skipped="0">
  <testcase classname="com.test.section_component.HD" name="login" time="14.702"/>
  <system-out/>
  <testcase classname="com.test.section_component.HD" name="viewerPage" time="53.207"/>
  <system-out/>
</testsuite> <!-- com.test.section_component.HD -->
