<?xml version="1.0" encoding="UTF-8"?>
<!-- Generated by org.testng.reporters.JUnitReportReporter -->
<testsuite hostname="vivobook-asuslaptop-x512flc-x512fl" failures="0" tests="4" name="com.test.section_component.CellAnnotation" time="59.716" errors="0" timestamp="2024-02-13T12:13:40 IST" skipped="0">
  <testcase classname="com.test.section_component.CellAnnotation" name="login" time="10.842"/>
  <system-out/>
  <testcase classname="com.test.section_component.CellAnnotation" name="viewerPage" time="18.274"/>
  <system-out/>
  <testcase classname="com.test.section_component.CellAnnotation" name="cell_annotation" time="3.188"/>
  <system-out/>
  <testcase classname="com.test.section_component.CellAnnotation" name="section_component" time="27.412"/>
  <system-out/>
</testsuite> <!-- com.test.section_component.CellAnnotation -->
