<?xml version="1.0" encoding="UTF-8"?>
<!-- Generated by org.testng.reporters.JUnitReportReporter -->
<testsuite hostname="vivobook-asuslaptop-x512flc-x512fl" failures="0" tests="2" name="com.test.section_component.AtlasEditor" time="65.818" errors="0" timestamp="2024-01-08T11:59:02 IST" skipped="0">
  <testcase classname="com.test.section_component.AtlasEditor" name="login" time="8.794"/>
  <system-out/>
  <testcase classname="com.test.section_component.AtlasEditor" name="viewerPage" time="57.024"/>
  <system-out/>
</testsuite> <!-- com.test.section_component.AtlasEditor -->
