<?xml version="1.0" encoding="UTF-8"?>
<!-- Generated by org.testng.reporters.JUnitReportReporter -->
<testsuite hostname="vivobook-asuslaptop-x512flc-x512fl" failures="0" tests="4" name="com.test.section_component.AtlasEditor" time="59.151" errors="0" timestamp="2024-02-13T11:57:31 IST" skipped="0">
  <testcase classname="com.test.section_component.AtlasEditor" name="login" time="11.600"/>
  <system-out/>
  <testcase classname="com.test.section_component.AtlasEditor" name="viewerPage" time="17.607"/>
  <system-out/>
  <testcase classname="com.test.section_component.AtlasEditor" name="atlas" time="6.375"/>
  <system-out/>
  <testcase classname="com.test.section_component.AtlasEditor" name="section_component" time="23.569"/>
  <system-out/>
</testsuite> <!-- com.test.section_component.AtlasEditor -->
