<?xml version="1.0" encoding="UTF-8"?>
<!-- Generated by org.testng.reporters.JUnitReportReporter -->
<testsuite hostname="vivobook-asuslaptop-x512flc-x512fl" failures="0" tests="4" name="com.test.section_component.AtlasEditor" time="75.164" errors="0" timestamp="2024-02-21T15:00:37 IST" skipped="0">
  <testcase classname="com.test.section_component.AtlasEditor" name="login" time="12.195"/>
  <system-out/>
  <testcase classname="com.test.section_component.AtlasEditor" name="viewerPage" time="19.839"/>
  <system-out/>
  <testcase classname="com.test.section_component.AtlasEditor" name="atlas" time="10.016"/>
  <system-out/>
  <testcase classname="com.test.section_component.AtlasEditor" name="section_component" time="33.114"/>
  <system-out/>
</testsuite> <!-- com.test.section_component.AtlasEditor -->
