<?xml version="1.0" encoding="UTF-8"?>
<!-- Generated by org.testng.reporters.JUnitReportReporter -->
<testsuite hostname="vivobook-asuslaptop-x512flc-x512fl" failures="0" tests="2" name="com.test.section_component.Registration" time="53.354" errors="0" timestamp="2024-01-09T12:00:12 IST" skipped="0">
  <testcase classname="com.test.section_component.Registration" name="login" time="9.182"/>
  <system-out/>
  <testcase classname="com.test.section_component.Registration" name="viewerPage" time="44.172"/>
  <system-out/>
</testsuite> <!-- com.test.section_component.Registration -->
