<?xml version="1.0" encoding="UTF-8"?>
<!-- Generated by org.testng.reporters.JUnitReportReporter -->
<testsuite hostname="vivobook-asuslaptop-x512flc-x512fl" failures="0" tests="4" name="com.test.section_component.public_sectioncomponent" time="164.445" errors="0" timestamp="2024-01-29T09:52:18 IST" skipped="0">
  <testcase classname="com.test.section_component.public_sectioncomponent" name="public_lims" time="1.085"/>
  <system-out/>
  <testcase classname="com.test.section_component.public_sectioncomponent" name="Dataportal" time="0.158"/>
  <system-out/>
  <testcase classname="com.test.section_component.public_sectioncomponent" name="login12" time="158.159"/>
  <system-out/>
  <testcase classname="com.test.section_component.public_sectioncomponent" name="Mouse" time="5.043"/>
  <system-out/>
</testsuite> <!-- com.test.section_component.public_sectioncomponent -->
